
If holds: var28:0 var2:0 var29:0
Execute: goal / SC / d=0

If holds: var28:0 var3:0 var0:0 var2:1 var29:0
Execute: move_a_l-1-3_l-1-2  / SC / d=1

If holds: var28:0 var21:0 var20:0 var24:0 var25:0 var22:0 var23:0 var26:0 var27:0 var3:0 var0:2 var2:1 var29:0
Execute: resort  / SC / d=2

If holds: var28:0 var35:0 var21:0 var20:0 var24:0 var22:0 var23:0 var26:0 var27:0 var15:0 var3:0 var0:2 var2:1 var29:0
Execute: move-ship-free_s1_l-2-2_l-2-1-noop  / SC / d=3

If holds: var28:0 var37:0 var21:0 var20:0 var24:0 var25:0 var22:0 var23:0 var26:0 var17:0 var3:0 var0:2 var2:1 var29:0
Execute: move-ship-free_s1_l-2-3_l-2-2-noop  / SC / d=3

If holds: var28:0 var36:0 var21:0 var20:0 var24:0 var25:0 var22:0 var23:0 var27:0 var16:0 var3:0 var0:2 var2:1 var29:0
Execute: move-ship-free_s1_l-2-2_l-2-3-noop  / SC / d=3

If holds: var28:0 var32:0 var21:0 var20:0 var24:0 var25:0 var23:0 var26:0 var27:0 var3:0 var12:0 var0:2 var2:1 var29:0
Execute: move-ship-auv_s1_l-2-2_l-2-3_a-noop  / SC / d=3

If holds: var28:0 var31:0 var20:0 var24:0 var25:0 var22:0 var23:0 var26:0 var27:0 var3:0 var0:2 var11:0 var2:1 var29:0
Execute: move-ship-auv_s1_l-2-2_l-2-1_a-noop  / SC / d=3

If holds: var28:0 var34:0 var21:0 var20:0 var25:0 var22:0 var23:0 var26:0 var27:0 var14:0 var3:0 var0:2 var2:1 var29:0
Execute: move-ship-free_s1_l-2-1_l-2-2-noop  / SC / d=3

If holds: var28:0 var30:0 var21:0 var24:0 var25:0 var22:0 var23:0 var26:0 var27:0 var10:0 var3:0 var0:2 var2:1 var29:0
Execute: move-ship-auv_s1_l-2-1_l-2-2_a-noop  / SC / d=3

If holds: var28:0 var33:0 var21:0 var20:0 var24:0 var25:0 var22:0 var26:0 var27:0 var13:0 var3:0 var0:2 var2:1 var29:0
Execute: move-ship-auv_s1_l-2-3_l-2-2_a-noop  / SC / d=3

If holds: var28:0 var3:0 var0:1 var2:1 var29:0
Execute: selector  / NSC / d=2

If holds: var28:0 var21:0 var20:0 var24:0 var22:0 var23:0 var26:0 var27:0 var15:0 var3:0 var0:1 var2:1 var29:0
Execute: selector  / NSC / d=2

If holds: var28:0 var21:0 var20:0 var24:0 var25:0 var22:0 var23:0 var26:0 var17:0 var3:0 var0:1 var2:1 var29:0
Execute: selector  / NSC / d=2

If holds: var28:0 var21:0 var20:0 var24:0 var25:0 var22:0 var23:0 var27:0 var16:0 var3:0 var0:1 var2:1 var29:0
Execute: selector  / NSC / d=2

If holds: var28:0 var21:0 var20:0 var24:0 var25:0 var23:0 var26:0 var27:0 var3:0 var12:0 var0:1 var2:1 var29:0
Execute: selector  / NSC / d=2

If holds: var28:0 var20:0 var24:0 var25:0 var22:0 var23:0 var26:0 var27:0 var3:0 var0:1 var11:0 var2:1 var29:0
Execute: selector  / NSC / d=2

If holds: var28:0 var21:0 var20:0 var25:0 var22:0 var23:0 var26:0 var27:0 var14:0 var3:0 var0:1 var2:1 var29:0
Execute: selector  / NSC / d=2

If holds: var28:0 var21:0 var24:0 var25:0 var22:0 var23:0 var26:0 var27:0 var10:0 var3:0 var0:1 var2:1 var29:0
Execute: selector  / NSC / d=2

If holds: var28:0 var21:0 var20:0 var24:0 var25:0 var22:0 var26:0 var27:0 var13:0 var3:0 var0:1 var2:1 var29:0
Execute: selector  / NSC / d=2

If holds: var28:0 var3:1 var5:0 var0:0 var2:1 var29:0
Execute: move_a_l-2-3_l-1-3  / NSC / d=3

If holds: var28:0 var3:1 var5:0 var0:1 var2:1 var29:0
Execute: selector  / NSC / d=4

If holds: var28:0 var21:0 var20:0 var24:0 var25:0 var22:0 var23:0 var26:0 var27:0 var3:1 var5:0 var0:2 var2:1 var29:0
Execute: resort  / NSC / d=4

If holds: var28:0 var21:0 var20:0 var24:0 var22:0 var23:0 var26:0 var27:0 var15:0 var3:1 var5:0 var0:1 var2:1 var29:0
Execute: selector  / NSC / d=4

If holds: var28:0 var21:0 var20:0 var24:0 var25:0 var22:0 var23:0 var26:0 var17:0 var3:1 var5:0 var0:1 var2:1 var29:0
Execute: selector  / NSC / d=4

If holds: var28:0 var21:0 var20:0 var24:0 var25:0 var22:0 var23:0 var27:0 var16:0 var3:1 var5:0 var0:1 var2:1 var29:0
Execute: selector  / NSC / d=4

If holds: var28:0 var21:0 var20:0 var24:0 var25:0 var23:0 var26:0 var27:0 var3:1 var5:0 var12:0 var0:1 var2:1 var29:0
Execute: selector  / NSC / d=4

If holds: var28:0 var20:0 var24:0 var25:0 var22:0 var23:0 var26:0 var27:0 var3:1 var5:0 var0:1 var11:0 var2:1 var29:0
Execute: selector  / NSC / d=4

If holds: var28:0 var21:0 var20:0 var25:0 var22:0 var23:0 var26:0 var27:0 var14:0 var3:1 var5:0 var0:1 var2:1 var29:0
Execute: selector  / NSC / d=4

If holds: var28:0 var21:0 var24:0 var25:0 var22:0 var23:0 var26:0 var27:0 var10:0 var3:1 var5:0 var0:1 var2:1 var29:0
Execute: selector  / NSC / d=4

If holds: var28:0 var21:0 var20:0 var24:0 var25:0 var22:0 var26:0 var27:0 var13:0 var3:1 var5:0 var0:1 var2:1 var29:0
Execute: selector  / NSC / d=4

If holds: var28:0 var3:1 var8:0 var19:0 var0:0 var2:1 var29:0
Execute: move_a_l-3-3_l-2-3  / NSC / d=5

If holds: var28:0 var35:0 var21:0 var20:0 var24:0 var22:0 var23:0 var26:0 var27:0 var15:0 var3:1 var5:0 var0:2 var2:1 var29:0
Execute: move-ship-free_s1_l-2-2_l-2-1-noop  / NSC / d=5

If holds: var28:0 var37:0 var21:0 var20:0 var24:0 var25:0 var22:0 var23:0 var26:0 var17:0 var3:1 var5:0 var0:2 var2:1 var29:0
Execute: move-ship-free_s1_l-2-3_l-2-2-noop  / NSC / d=5

If holds: var28:0 var36:0 var21:0 var20:0 var24:0 var25:0 var22:0 var23:0 var27:0 var16:0 var3:1 var5:0 var0:2 var2:1 var29:0
Execute: move-ship-free_s1_l-2-2_l-2-3-noop  / NSC / d=5

If holds: var28:0 var32:0 var21:0 var20:0 var24:0 var25:0 var23:0 var26:0 var27:0 var3:1 var5:0 var12:0 var0:2 var2:1 var29:0
Execute: move-ship-auv_s1_l-2-2_l-2-3_a-noop  / NSC / d=5

If holds: var28:0 var31:0 var20:0 var24:0 var25:0 var22:0 var23:0 var26:0 var27:0 var3:1 var5:0 var0:2 var11:0 var2:1 var29:0
Execute: move-ship-auv_s1_l-2-2_l-2-1_a-noop  / NSC / d=5

If holds: var28:0 var34:0 var21:0 var20:0 var25:0 var22:0 var23:0 var26:0 var27:0 var14:0 var3:1 var5:0 var0:2 var2:1 var29:0
Execute: move-ship-free_s1_l-2-1_l-2-2-noop  / NSC / d=5

If holds: var28:0 var30:0 var21:0 var24:0 var25:0 var22:0 var23:0 var26:0 var27:0 var10:0 var3:1 var5:0 var0:2 var2:1 var29:0
Execute: move-ship-auv_s1_l-2-1_l-2-2_a-noop  / NSC / d=5

If holds: var28:0 var33:0 var21:0 var20:0 var24:0 var25:0 var22:0 var26:0 var27:0 var13:0 var3:1 var5:0 var0:2 var2:1 var29:0
Execute: move-ship-auv_s1_l-2-3_l-2-2_a-noop  / NSC / d=5

If holds: var28:0 var3:1 var8:0 var19:0 var0:1 var2:1 var29:0
Execute: selector  / NSC / d=6

If holds: var28:0 var21:0 var20:0 var24:0 var25:0 var22:0 var23:0 var26:0 var27:0 var3:1 var8:0 var19:0 var0:2 var2:1 var29:0
Execute: resort  / NSC / d=6

If holds: var28:0 var21:0 var20:0 var24:0 var22:0 var23:0 var26:0 var27:0 var15:0 var3:1 var8:0 var19:0 var0:1 var2:1 var29:0
Execute: selector  / NSC / d=6

If holds: var28:0 var21:0 var20:0 var24:0 var25:0 var22:0 var23:0 var26:0 var17:0 var3:1 var8:0 var19:0 var0:1 var2:1 var29:0
Execute: selector  / NSC / d=6

If holds: var28:0 var21:0 var20:0 var24:0 var25:0 var22:0 var23:0 var27:0 var16:0 var3:1 var8:0 var19:0 var0:1 var2:1 var29:0
Execute: selector  / NSC / d=6

If holds: var28:0 var21:0 var20:0 var24:0 var25:0 var23:0 var26:0 var27:0 var3:1 var8:0 var19:0 var12:0 var0:1 var2:1 var29:0
Execute: selector  / NSC / d=6

If holds: var28:0 var20:0 var24:0 var25:0 var22:0 var23:0 var26:0 var27:0 var3:1 var8:0 var19:0 var0:1 var11:0 var2:1 var29:0
Execute: selector  / NSC / d=6

If holds: var28:0 var21:0 var20:0 var25:0 var22:0 var23:0 var26:0 var27:0 var14:0 var3:1 var8:0 var19:0 var0:1 var2:1 var29:0
Execute: selector  / NSC / d=6

If holds: var28:0 var21:0 var24:0 var25:0 var22:0 var23:0 var26:0 var27:0 var10:0 var3:1 var8:0 var19:0 var0:1 var2:1 var29:0
Execute: selector  / NSC / d=6

If holds: var28:0 var21:0 var20:0 var24:0 var25:0 var22:0 var26:0 var27:0 var13:0 var3:1 var8:0 var19:0 var0:1 var2:1 var29:0
Execute: selector  / NSC / d=6

If holds: var28:0 var3:1 var8:1 var19:0 var7:0 var0:0 var2:1 var29:0
Execute: move_a_l-3-2_l-3-3  / NSC / d=7

If holds: var28:0 var35:0 var21:0 var20:0 var24:0 var22:0 var23:0 var26:0 var27:0 var15:0 var3:1 var8:0 var19:0 var0:2 var2:1 var29:0
Execute: move-ship-free_s1_l-2-2_l-2-1-noop  / NSC / d=7

If holds: var28:0 var37:0 var21:0 var20:0 var24:0 var25:0 var22:0 var23:0 var26:0 var17:0 var3:1 var8:0 var19:0 var0:2 var2:1 var29:0
Execute: move-ship-free_s1_l-2-3_l-2-2-noop  / NSC / d=7

If holds: var28:0 var36:0 var21:0 var20:0 var24:0 var25:0 var22:0 var23:0 var27:0 var16:0 var3:1 var8:0 var19:0 var0:2 var2:1 var29:0
Execute: move-ship-free_s1_l-2-2_l-2-3-noop  / NSC / d=7

If holds: var28:0 var32:0 var21:0 var20:0 var24:0 var25:0 var23:0 var26:0 var27:0 var3:1 var8:0 var19:0 var12:0 var0:2 var2:1 var29:0
Execute: move-ship-auv_s1_l-2-2_l-2-3_a-noop  / NSC / d=7

If holds: var28:0 var31:0 var20:0 var24:0 var25:0 var22:0 var23:0 var26:0 var27:0 var3:1 var8:0 var19:0 var0:2 var11:0 var2:1 var29:0
Execute: move-ship-auv_s1_l-2-2_l-2-1_a-noop  / NSC / d=7

If holds: var28:0 var34:0 var21:0 var20:0 var25:0 var22:0 var23:0 var26:0 var27:0 var14:0 var3:1 var8:0 var19:0 var0:2 var2:1 var29:0
Execute: move-ship-free_s1_l-2-1_l-2-2-noop  / NSC / d=7

If holds: var28:0 var30:0 var21:0 var24:0 var25:0 var22:0 var23:0 var26:0 var27:0 var10:0 var3:1 var8:0 var19:0 var0:2 var2:1 var29:0
Execute: move-ship-auv_s1_l-2-1_l-2-2_a-noop  / NSC / d=7

If holds: var28:0 var33:0 var21:0 var20:0 var24:0 var25:0 var22:0 var26:0 var27:0 var13:0 var3:1 var8:0 var19:0 var0:2 var2:1 var29:0
Execute: move-ship-auv_s1_l-2-3_l-2-2_a-noop  / NSC / d=7

If holds: var28:0 var3:1 var8:1 var19:0 var7:0 var0:1 var2:1 var29:0
Execute: selector  / NSC / d=8

If holds: var28:0 var21:0 var20:0 var24:0 var25:0 var22:0 var23:0 var26:0 var27:0 var3:1 var8:1 var19:0 var7:0 var0:2 var2:1 var29:0
Execute: resort  / NSC / d=8

If holds: var28:0 var21:0 var20:0 var24:0 var22:0 var23:0 var26:0 var27:0 var15:0 var3:1 var8:1 var19:0 var7:0 var0:1 var2:1 var29:0
Execute: selector  / NSC / d=8

If holds: var28:0 var21:0 var20:0 var24:0 var25:0 var22:0 var23:0 var26:0 var17:0 var3:1 var8:1 var19:0 var7:0 var0:1 var2:1 var29:0
Execute: selector  / NSC / d=8

If holds: var28:0 var21:0 var20:0 var24:0 var25:0 var22:0 var23:0 var27:0 var16:0 var3:1 var8:1 var19:0 var7:0 var0:1 var2:1 var29:0
Execute: selector  / NSC / d=8

If holds: var28:0 var21:0 var20:0 var24:0 var25:0 var23:0 var26:0 var27:0 var3:1 var8:1 var19:0 var12:0 var7:0 var0:1 var2:1 var29:0
Execute: selector  / NSC / d=8

If holds: var28:0 var20:0 var24:0 var25:0 var22:0 var23:0 var26:0 var27:0 var3:1 var8:1 var19:0 var7:0 var0:1 var11:0 var2:1 var29:0
Execute: selector  / NSC / d=8

If holds: var28:0 var21:0 var20:0 var25:0 var22:0 var23:0 var26:0 var27:0 var14:0 var3:1 var8:1 var19:0 var7:0 var0:1 var2:1 var29:0
Execute: selector  / NSC / d=8

If holds: var28:0 var21:0 var24:0 var25:0 var22:0 var23:0 var26:0 var27:0 var10:0 var3:1 var8:1 var19:0 var7:0 var0:1 var2:1 var29:0
Execute: selector  / NSC / d=8

If holds: var28:0 var21:0 var20:0 var24:0 var25:0 var22:0 var26:0 var27:0 var13:0 var3:1 var8:1 var19:0 var7:0 var0:1 var2:1 var29:0
Execute: selector  / NSC / d=8

If holds: var28:0 var3:1 var8:1 var19:0 var7:0 var0:0 var2:1
Execute: sample_a_r1_l-3-2  / NSC / d=9

If holds: var28:0 var35:0 var21:0 var20:0 var24:0 var22:0 var23:0 var26:0 var27:0 var15:0 var3:1 var8:1 var19:0 var7:0 var0:2 var2:1 var29:0
Execute: move-ship-free_s1_l-2-2_l-2-1-noop  / NSC / d=9

If holds: var28:0 var37:0 var21:0 var20:0 var24:0 var25:0 var22:0 var23:0 var26:0 var17:0 var3:1 var8:1 var19:0 var7:0 var0:2 var2:1 var29:0
Execute: move-ship-free_s1_l-2-3_l-2-2-noop  / NSC / d=9

If holds: var28:0 var36:0 var21:0 var20:0 var24:0 var25:0 var22:0 var23:0 var27:0 var16:0 var3:1 var8:1 var19:0 var7:0 var0:2 var2:1 var29:0
Execute: move-ship-free_s1_l-2-2_l-2-3-noop  / NSC / d=9

If holds: var28:0 var32:0 var21:0 var20:0 var24:0 var25:0 var23:0 var26:0 var27:0 var3:1 var8:1 var19:0 var12:0 var7:0 var0:2 var2:1 var29:0
Execute: move-ship-auv_s1_l-2-2_l-2-3_a-noop  / NSC / d=9

If holds: var28:0 var31:0 var20:0 var24:0 var25:0 var22:0 var23:0 var26:0 var27:0 var3:1 var8:1 var19:0 var7:0 var0:2 var11:0 var2:1 var29:0
Execute: move-ship-auv_s1_l-2-2_l-2-1_a-noop  / NSC / d=9

If holds: var28:0 var34:0 var21:0 var20:0 var25:0 var22:0 var23:0 var26:0 var27:0 var14:0 var3:1 var8:1 var19:0 var7:0 var0:2 var2:1 var29:0
Execute: move-ship-free_s1_l-2-1_l-2-2-noop  / NSC / d=9

If holds: var28:0 var30:0 var21:0 var24:0 var25:0 var22:0 var23:0 var26:0 var27:0 var10:0 var3:1 var8:1 var19:0 var7:0 var0:2 var2:1 var29:0
Execute: move-ship-auv_s1_l-2-1_l-2-2_a-noop  / NSC / d=9

If holds: var28:0 var33:0 var21:0 var20:0 var24:0 var25:0 var22:0 var26:0 var27:0 var13:0 var3:1 var8:1 var19:0 var7:0 var0:2 var2:1 var29:0
Execute: move-ship-auv_s1_l-2-3_l-2-2_a-noop  / NSC / d=9

If holds: var28:0 var3:1 var8:1 var19:0 var7:0 var0:1 var2:1
Execute: selector  / NSC / d=10

If holds: var28:0 var21:0 var20:0 var24:0 var25:0 var22:0 var23:0 var26:0 var27:0 var3:1 var8:1 var19:0 var7:0 var0:2 var2:1
Execute: resort  / NSC / d=10

If holds: var28:0 var21:0 var20:0 var24:0 var22:0 var23:0 var26:0 var27:0 var15:0 var3:1 var8:1 var19:0 var7:0 var0:1 var2:1
Execute: selector  / NSC / d=10

If holds: var28:0 var21:0 var20:0 var24:0 var25:0 var22:0 var23:0 var26:0 var17:0 var3:1 var8:1 var19:0 var7:0 var0:1 var2:1
Execute: selector  / NSC / d=10

If holds: var28:0 var21:0 var20:0 var24:0 var25:0 var22:0 var23:0 var27:0 var16:0 var3:1 var8:1 var19:0 var7:0 var0:1 var2:1
Execute: selector  / NSC / d=10

If holds: var28:0 var21:0 var20:0 var24:0 var25:0 var23:0 var26:0 var27:0 var3:1 var8:1 var19:0 var12:0 var7:0 var0:1 var2:1
Execute: selector  / NSC / d=10

If holds: var28:0 var20:0 var24:0 var25:0 var22:0 var23:0 var26:0 var27:0 var3:1 var8:1 var19:0 var7:0 var0:1 var11:0 var2:1
Execute: selector  / NSC / d=10

If holds: var28:0 var21:0 var20:0 var25:0 var22:0 var23:0 var26:0 var27:0 var14:0 var3:1 var8:1 var19:0 var7:0 var0:1 var2:1
Execute: selector  / NSC / d=10

If holds: var28:0 var21:0 var24:0 var25:0 var22:0 var23:0 var26:0 var27:0 var10:0 var3:1 var8:1 var19:0 var7:0 var0:1 var2:1
Execute: selector  / NSC / d=10

If holds: var28:0 var21:0 var20:0 var24:0 var25:0 var22:0 var26:0 var27:0 var13:0 var3:1 var8:1 var19:0 var7:0 var0:1 var2:1
Execute: selector  / NSC / d=10

If holds: var28:0 var3:1 var8:0 var19:0 var7:1 var0:0 var2:1
Execute: move_a_l-3-3_l-3-2  / NSC / d=11

If holds: var28:0 var35:0 var21:0 var20:0 var24:0 var22:0 var23:0 var26:0 var27:0 var15:0 var3:1 var8:1 var19:0 var7:0 var0:2 var2:1
Execute: move-ship-free_s1_l-2-2_l-2-1-noop  / NSC / d=11

If holds: var28:0 var37:0 var21:0 var20:0 var24:0 var25:0 var22:0 var23:0 var26:0 var17:0 var3:1 var8:1 var19:0 var7:0 var0:2 var2:1
Execute: move-ship-free_s1_l-2-3_l-2-2-noop  / NSC / d=11

If holds: var28:0 var36:0 var21:0 var20:0 var24:0 var25:0 var22:0 var23:0 var27:0 var16:0 var3:1 var8:1 var19:0 var7:0 var0:2 var2:1
Execute: move-ship-free_s1_l-2-2_l-2-3-noop  / NSC / d=11

If holds: var28:0 var32:0 var21:0 var20:0 var24:0 var25:0 var23:0 var26:0 var27:0 var3:1 var8:1 var19:0 var12:0 var7:0 var0:2 var2:1
Execute: move-ship-auv_s1_l-2-2_l-2-3_a-noop  / NSC / d=11

If holds: var28:0 var31:0 var20:0 var24:0 var25:0 var22:0 var23:0 var26:0 var27:0 var3:1 var8:1 var19:0 var7:0 var0:2 var11:0 var2:1
Execute: move-ship-auv_s1_l-2-2_l-2-1_a-noop  / NSC / d=11

If holds: var28:0 var34:0 var21:0 var20:0 var25:0 var22:0 var23:0 var26:0 var27:0 var14:0 var3:1 var8:1 var19:0 var7:0 var0:2 var2:1
Execute: move-ship-free_s1_l-2-1_l-2-2-noop  / NSC / d=11

If holds: var28:0 var30:0 var21:0 var24:0 var25:0 var22:0 var23:0 var26:0 var27:0 var10:0 var3:1 var8:1 var19:0 var7:0 var0:2 var2:1
Execute: move-ship-auv_s1_l-2-1_l-2-2_a-noop  / NSC / d=11

If holds: var28:0 var33:0 var21:0 var20:0 var24:0 var25:0 var22:0 var26:0 var27:0 var13:0 var3:1 var8:1 var19:0 var7:0 var0:2 var2:1
Execute: move-ship-auv_s1_l-2-3_l-2-2_a-noop  / NSC / d=11

If holds: var28:0 var3:1 var8:0 var19:0 var7:1 var0:1 var2:1
Execute: selector  / NSC / d=12

If holds: var28:0 var21:0 var20:0 var24:0 var25:0 var22:0 var23:0 var26:0 var27:0 var3:1 var8:0 var19:0 var7:1 var0:2 var2:1
Execute: resort  / NSC / d=12

If holds: var28:0 var21:0 var20:0 var24:0 var22:0 var23:0 var26:0 var27:0 var15:0 var3:1 var8:0 var19:0 var7:1 var0:1 var2:1
Execute: selector  / NSC / d=12

If holds: var28:0 var21:0 var20:0 var24:0 var25:0 var22:0 var23:0 var26:0 var17:0 var3:1 var8:0 var19:0 var7:1 var0:1 var2:1
Execute: selector  / NSC / d=12

If holds: var28:0 var21:0 var20:0 var24:0 var25:0 var22:0 var23:0 var27:0 var16:0 var3:1 var8:0 var19:0 var7:1 var0:1 var2:1
Execute: selector  / NSC / d=12

If holds: var28:0 var21:0 var20:0 var24:0 var25:0 var23:0 var26:0 var27:0 var3:1 var8:0 var19:0 var12:0 var7:1 var0:1 var2:1
Execute: selector  / NSC / d=12

If holds: var28:0 var20:0 var24:0 var25:0 var22:0 var23:0 var26:0 var27:0 var3:1 var8:0 var19:0 var7:1 var0:1 var11:0 var2:1
Execute: selector  / NSC / d=12

If holds: var28:0 var21:0 var20:0 var25:0 var22:0 var23:0 var26:0 var27:0 var14:0 var3:1 var8:0 var19:0 var7:1 var0:1 var2:1
Execute: selector  / NSC / d=12

If holds: var28:0 var21:0 var24:0 var25:0 var22:0 var23:0 var26:0 var27:0 var10:0 var3:1 var8:0 var19:0 var7:1 var0:1 var2:1
Execute: selector  / NSC / d=12

If holds: var28:0 var21:0 var20:0 var24:0 var25:0 var22:0 var26:0 var27:0 var13:0 var3:1 var8:0 var19:0 var7:1 var0:1 var2:1
Execute: selector  / NSC / d=12

If holds: var28:0 var3:1 var8:1 var5:0 var7:1 var0:0 var2:1
Execute: move_a_l-2-3_l-3-3  / NSC / d=13

If holds: var28:0 var35:0 var21:0 var20:0 var24:0 var22:0 var23:0 var26:0 var27:0 var15:0 var3:1 var8:0 var19:0 var7:1 var0:2 var2:1
Execute: move-ship-free_s1_l-2-2_l-2-1-noop  / NSC / d=13

If holds: var28:0 var37:0 var21:0 var20:0 var24:0 var25:0 var22:0 var23:0 var26:0 var17:0 var3:1 var8:0 var19:0 var7:1 var0:2 var2:1
Execute: move-ship-free_s1_l-2-3_l-2-2-noop  / NSC / d=13

If holds: var28:0 var36:0 var21:0 var20:0 var24:0 var25:0 var22:0 var23:0 var27:0 var16:0 var3:1 var8:0 var19:0 var7:1 var0:2 var2:1
Execute: move-ship-free_s1_l-2-2_l-2-3-noop  / NSC / d=13

If holds: var28:0 var32:0 var21:0 var20:0 var24:0 var25:0 var23:0 var26:0 var27:0 var3:1 var8:0 var19:0 var12:0 var7:1 var0:2 var2:1
Execute: move-ship-auv_s1_l-2-2_l-2-3_a-noop  / NSC / d=13

If holds: var28:0 var31:0 var20:0 var24:0 var25:0 var22:0 var23:0 var26:0 var27:0 var3:1 var8:0 var19:0 var7:1 var0:2 var11:0 var2:1
Execute: move-ship-auv_s1_l-2-2_l-2-1_a-noop  / NSC / d=13

If holds: var28:0 var34:0 var21:0 var20:0 var25:0 var22:0 var23:0 var26:0 var27:0 var14:0 var3:1 var8:0 var19:0 var7:1 var0:2 var2:1
Execute: move-ship-free_s1_l-2-1_l-2-2-noop  / NSC / d=13

If holds: var28:0 var30:0 var21:0 var24:0 var25:0 var22:0 var23:0 var26:0 var27:0 var10:0 var3:1 var8:0 var19:0 var7:1 var0:2 var2:1
Execute: move-ship-auv_s1_l-2-1_l-2-2_a-noop  / NSC / d=13

If holds: var28:0 var33:0 var21:0 var20:0 var24:0 var25:0 var22:0 var26:0 var27:0 var13:0 var3:1 var8:0 var19:0 var7:1 var0:2 var2:1
Execute: move-ship-auv_s1_l-2-3_l-2-2_a-noop  / NSC / d=13

If holds: var28:0 var3:1 var8:1 var5:0 var7:1 var0:1 var2:1
Execute: selector  / NSC / d=14

If holds: var28:0 var21:0 var20:0 var24:0 var25:0 var22:0 var23:0 var26:0 var27:0 var3:1 var8:1 var5:0 var7:1 var0:2 var2:1
Execute: resort  / NSC / d=14

If holds: var28:0 var21:0 var20:0 var24:0 var22:0 var23:0 var26:0 var27:0 var15:0 var3:1 var8:1 var5:0 var7:1 var0:1 var2:1
Execute: selector  / NSC / d=14

If holds: var28:0 var21:0 var20:0 var24:0 var25:0 var22:0 var23:0 var26:0 var17:0 var3:1 var8:1 var5:0 var7:1 var0:1 var2:1
Execute: selector  / NSC / d=14

If holds: var28:0 var21:0 var20:0 var24:0 var25:0 var22:0 var23:0 var27:0 var16:0 var3:1 var8:1 var5:0 var7:1 var0:1 var2:1
Execute: selector  / NSC / d=14

If holds: var28:0 var21:0 var20:0 var24:0 var25:0 var23:0 var26:0 var27:0 var3:1 var8:1 var5:0 var12:0 var7:1 var0:1 var2:1
Execute: selector  / NSC / d=14

If holds: var28:0 var20:0 var24:0 var25:0 var22:0 var23:0 var26:0 var27:0 var3:1 var8:1 var5:0 var7:1 var0:1 var11:0 var2:1
Execute: selector  / NSC / d=14

If holds: var28:0 var21:0 var20:0 var25:0 var22:0 var23:0 var26:0 var27:0 var14:0 var3:1 var8:1 var5:0 var7:1 var0:1 var2:1
Execute: selector  / NSC / d=14

If holds: var28:0 var21:0 var24:0 var25:0 var22:0 var23:0 var26:0 var27:0 var10:0 var3:1 var8:1 var5:0 var7:1 var0:1 var2:1
Execute: selector  / NSC / d=14

If holds: var28:0 var21:0 var20:0 var24:0 var25:0 var22:0 var26:0 var27:0 var13:0 var3:1 var8:1 var5:0 var7:1 var0:1 var2:1
Execute: selector  / NSC / d=14

If holds: var28:0 var3:0 var8:1 var19:0 var7:1 var0:0 var2:1
Execute: move_a_l-1-3_l-2-3  / NSC / d=15

If holds: var28:0 var35:0 var21:0 var20:0 var24:0 var22:0 var23:0 var26:0 var27:0 var15:0 var3:1 var8:1 var5:0 var7:1 var0:2 var2:1
Execute: move-ship-free_s1_l-2-2_l-2-1-noop  / NSC / d=15

If holds: var28:0 var37:0 var21:0 var20:0 var24:0 var25:0 var22:0 var23:0 var26:0 var17:0 var3:1 var8:1 var5:0 var7:1 var0:2 var2:1
Execute: move-ship-free_s1_l-2-3_l-2-2-noop  / NSC / d=15

If holds: var28:0 var36:0 var21:0 var20:0 var24:0 var25:0 var22:0 var23:0 var27:0 var16:0 var3:1 var8:1 var5:0 var7:1 var0:2 var2:1
Execute: move-ship-free_s1_l-2-2_l-2-3-noop  / NSC / d=15

If holds: var28:0 var32:0 var21:0 var20:0 var24:0 var25:0 var23:0 var26:0 var27:0 var3:1 var8:1 var5:0 var12:0 var7:1 var0:2 var2:1
Execute: move-ship-auv_s1_l-2-2_l-2-3_a-noop  / NSC / d=15

If holds: var28:0 var31:0 var20:0 var24:0 var25:0 var22:0 var23:0 var26:0 var27:0 var3:1 var8:1 var5:0 var7:1 var0:2 var11:0 var2:1
Execute: move-ship-auv_s1_l-2-2_l-2-1_a-noop  / NSC / d=15

If holds: var28:0 var34:0 var21:0 var20:0 var25:0 var22:0 var23:0 var26:0 var27:0 var14:0 var3:1 var8:1 var5:0 var7:1 var0:2 var2:1
Execute: move-ship-free_s1_l-2-1_l-2-2-noop  / NSC / d=15

If holds: var28:0 var30:0 var21:0 var24:0 var25:0 var22:0 var23:0 var26:0 var27:0 var10:0 var3:1 var8:1 var5:0 var7:1 var0:2 var2:1
Execute: move-ship-auv_s1_l-2-1_l-2-2_a-noop  / NSC / d=15

If holds: var28:0 var33:0 var21:0 var20:0 var24:0 var25:0 var22:0 var26:0 var27:0 var13:0 var3:1 var8:1 var5:0 var7:1 var0:2 var2:1
Execute: move-ship-auv_s1_l-2-3_l-2-2_a-noop  / NSC / d=15

If holds: var28:0 var3:0 var8:1 var19:0 var7:1 var0:1 var2:1
Execute: selector  / NSC / d=16

If holds: var28:0 var21:0 var20:0 var24:0 var25:0 var22:0 var23:0 var26:0 var27:0 var3:0 var8:1 var19:0 var7:1 var0:2 var2:1
Execute: resort  / NSC / d=16

If holds: var28:0 var21:0 var20:0 var24:0 var22:0 var23:0 var26:0 var27:0 var15:0 var3:0 var8:1 var19:0 var7:1 var0:1 var2:1
Execute: selector  / NSC / d=16

If holds: var28:0 var21:0 var20:0 var24:0 var25:0 var22:0 var23:0 var26:0 var17:0 var3:0 var8:1 var19:0 var7:1 var0:1 var2:1
Execute: selector  / NSC / d=16

If holds: var28:0 var21:0 var20:0 var24:0 var25:0 var22:0 var23:0 var27:0 var16:0 var3:0 var8:1 var19:0 var7:1 var0:1 var2:1
Execute: selector  / NSC / d=16

If holds: var28:0 var21:0 var20:0 var24:0 var25:0 var23:0 var26:0 var27:0 var3:0 var8:1 var19:0 var12:0 var7:1 var0:1 var2:1
Execute: selector  / NSC / d=16

If holds: var28:0 var20:0 var24:0 var25:0 var22:0 var23:0 var26:0 var27:0 var3:0 var8:1 var19:0 var7:1 var0:1 var11:0 var2:1
Execute: selector  / NSC / d=16

If holds: var28:0 var21:0 var20:0 var25:0 var22:0 var23:0 var26:0 var27:0 var14:0 var3:0 var8:1 var19:0 var7:1 var0:1 var2:1
Execute: selector  / NSC / d=16

If holds: var28:0 var21:0 var24:0 var25:0 var22:0 var23:0 var26:0 var27:0 var10:0 var3:0 var8:1 var19:0 var7:1 var0:1 var2:1
Execute: selector  / NSC / d=16

If holds: var28:0 var21:0 var20:0 var24:0 var25:0 var22:0 var26:0 var27:0 var13:0 var3:0 var8:1 var19:0 var7:1 var0:1 var2:1
Execute: selector  / NSC / d=16

If holds: var28:0 var3:1 var8:1 var19:0 var7:1 var0:0 var2:0
Execute: move_a_l-1-2_l-1-3  / NSC / d=17

If holds: var28:0 var35:0 var21:0 var20:0 var24:0 var22:0 var23:0 var26:0 var27:0 var15:0 var3:0 var8:1 var19:0 var7:1 var0:2 var2:1
Execute: move-ship-free_s1_l-2-2_l-2-1-noop  / NSC / d=17

If holds: var28:0 var37:0 var21:0 var20:0 var24:0 var25:0 var22:0 var23:0 var26:0 var17:0 var3:0 var8:1 var19:0 var7:1 var0:2 var2:1
Execute: move-ship-free_s1_l-2-3_l-2-2-noop  / NSC / d=17

If holds: var28:0 var36:0 var21:0 var20:0 var24:0 var25:0 var22:0 var23:0 var27:0 var16:0 var3:0 var8:1 var19:0 var7:1 var0:2 var2:1
Execute: move-ship-free_s1_l-2-2_l-2-3-noop  / NSC / d=17

If holds: var28:0 var32:0 var21:0 var20:0 var24:0 var25:0 var23:0 var26:0 var27:0 var3:0 var8:1 var19:0 var12:0 var7:1 var0:2 var2:1
Execute: move-ship-auv_s1_l-2-2_l-2-3_a-noop  / NSC / d=17

If holds: var28:0 var31:0 var20:0 var24:0 var25:0 var22:0 var23:0 var26:0 var27:0 var3:0 var8:1 var19:0 var7:1 var0:2 var11:0 var2:1
Execute: move-ship-auv_s1_l-2-2_l-2-1_a-noop  / NSC / d=17

If holds: var28:0 var34:0 var21:0 var20:0 var25:0 var22:0 var23:0 var26:0 var27:0 var14:0 var3:0 var8:1 var19:0 var7:1 var0:2 var2:1
Execute: move-ship-free_s1_l-2-1_l-2-2-noop  / NSC / d=17

If holds: var28:0 var30:0 var21:0 var24:0 var25:0 var22:0 var23:0 var26:0 var27:0 var10:0 var3:0 var8:1 var19:0 var7:1 var0:2 var2:1
Execute: move-ship-auv_s1_l-2-1_l-2-2_a-noop  / NSC / d=17

If holds: var28:0 var33:0 var21:0 var20:0 var24:0 var25:0 var22:0 var26:0 var27:0 var13:0 var3:0 var8:1 var19:0 var7:1 var0:2 var2:1
Execute: move-ship-auv_s1_l-2-3_l-2-2_a-noop  / NSC / d=17
